c:\users\gayane\desktop\3rd semester\oop345\finalproject\ms-2\ms-2\debug\vc140.pdb
c:\users\gayane\desktop\3rd semester\oop345\finalproject\ms-2\ms-2\debug\vc140.idb
c:\users\gayane\desktop\3rd semester\oop345\finalproject\ms-2\ms-2\debug\item.obj
c:\users\gayane\desktop\3rd semester\oop345\finalproject\ms-2\ms-2\debug\customerorder.obj
c:\users\gayane\desktop\3rd semester\oop345\finalproject\ms-2\ms-2\debug\ms2_prof.obj
c:\users\gayane\desktop\3rd semester\oop345\finalproject\ms-3\ms-3\debug\vc140.pdb
c:\users\gayane\desktop\3rd semester\oop345\finalproject\ms-3\ms-3\debug\vc140.idb
c:\users\gayane\desktop\3rd semester\oop345\finalproject\ms-3\ms-3\debug\customerorder.obj
c:\users\gayane\desktop\3rd semester\oop345\finalproject\ms-3\ms-3\debug\item.obj
c:\users\gayane\desktop\3rd semester\oop345\finalproject\ms-3\ms-3\debug\ms3_prof.obj
c:\users\gayane\desktop\3rd semester\oop345\finalproject\ms-3\ms-3\debug\utilities.obj
c:\users\gayane\desktop\3rd semester\oop345\finalproject\ms-3\ms-3\debug\linemanager.obj
c:\users\gayane\desktop\3rd semester\oop345\finalproject\ms-3\ms-3\debug\task.obj
c:\users\gayane\desktop\3rd semester\oop345\finalproject\ms-2\ms-2\debug\project.ilk
c:\users\gayane\desktop\3rd semester\oop345\finalproject\ms-2\ms-2\debug\project.exe
c:\users\gayane\desktop\3rd semester\oop345\finalproject\ms-2\ms-2\debug\project.pdb
c:\users\gayane\desktop\3rd semester\oop345\finalproject\ms-3\ms-3\debug\project.ilk
c:\users\gayane\desktop\3rd semester\oop345\finalproject\ms-3\ms-3\debug\project.exe
c:\users\gayane\desktop\3rd semester\oop345\finalproject\ms-3\ms-3\debug\project.pdb
c:\users\gayane\desktop\3rd semester\oop345\finalproject\ms-3\ms-3\debug\ms1_prof.obj
c:\users\gayane\desktop\3rd semester\oop345\finalproject\ms-3\ms-3\debug\ms2_prof.obj
c:\users\gayane\desktop\3rd semester\oop345\finalproject\ms-3\ms-3\debug\customerorder.obj.enc
c:\users\gayane\desktop\3rd semester\oop345\finalproject\ms-3\ms-3\debug\linemanager.obj.enc
c:\users\gayane\desktop\3rd semester\oop345\finalproject\ms-3\ms-3\debug\ms-1.ilk
c:\users\gayane\desktop\3rd semester\oop345\finalproject\ms-3\ms-3\debug\ms-1.pdb
c:\users\gayane\desktop\3rd semester\oop345\finalproject\ms-3\ms-3\debug\project.tlog\cl.command.1.tlog
c:\users\gayane\desktop\3rd semester\oop345\finalproject\ms-3\ms-3\debug\project.tlog\cl.read.1.tlog
c:\users\gayane\desktop\3rd semester\oop345\finalproject\ms-3\ms-3\debug\project.tlog\cl.write.1.tlog
c:\users\gayane\desktop\3rd semester\oop345\finalproject\ms-3\ms-3\debug\project.tlog\link.command.1.tlog
c:\users\gayane\desktop\3rd semester\oop345\finalproject\ms-3\ms-3\debug\project.tlog\link.read.1.tlog
c:\users\gayane\desktop\3rd semester\oop345\finalproject\ms-3\ms-3\debug\project.tlog\link.write.1.tlog
